<?xml version="1.0" encoding="UTF-8"?>
<!-- Generated by org.testng.reporters.JUnitReportReporter -->
<testsuite hostname="LMI-2MQ42108VD" failures="0" tests="7" name="Runner.TestNGTestRunner" time="62.688" errors="0" timestamp="2024-12-04T17:41:22 EST" skipped="0">
  <testcase classname="Runner.TestNGTestRunner" name="runScenario" time="9.768"/>
  <testcase classname="Runner.TestNGTestRunner" name="runScenario" time="10.040"/>
  <testcase classname="Runner.TestNGTestRunner" name="runScenario" time="8.078"/>
  <testcase classname="Runner.TestNGTestRunner" name="runScenario" time="9.813"/>
  <testcase classname="Runner.TestNGTestRunner" name="runScenario" time="7.029"/>
  <testcase classname="Runner.TestNGTestRunner" name="runScenario" time="7.972"/>
  <testcase classname="Runner.TestNGTestRunner" name="runScenario" time="9.988"/>
</testsuite> <!-- Runner.TestNGTestRunner -->
