<?xml version="1.0" encoding="UTF-8"?>
<!-- Generated by org.testng.reporters.JUnitReportReporter -->
<testsuite hostname="LMI-2MQ42108VD" failures="0" tests="1" name="Runner.TestNGTestRunner" time="9.616" errors="0" timestamp="2024-12-04T15:35:21 EST" skipped="0">
  <testcase classname="Runner.TestNGTestRunner" name="runScenario" time="9.616"/>
</testsuite> <!-- Runner.TestNGTestRunner -->
