<?xml version="1.0" encoding="UTF-8"?>
<!-- Generated by org.testng.reporters.JUnitReportReporter -->
<testsuite hostname="LMI-2MQ42108VD" failures="0" tests="1" name="Runner.TestNGTestRunner" time="14.312" errors="0" timestamp="2024-12-02T22:14:37 EST" skipped="0">
  <testcase classname="Runner.TestNGTestRunner" name="runScenario" time="14.312"/>
</testsuite> <!-- Runner.TestNGTestRunner -->
